<?xml version="1.0" encoding="UTF-8"?>
<!-- Generated by org.testng.reporters.JUnitReportReporter -->
<testsuite hostname="sai-PC" name="com.app.qa.testcases.LoginPageTest" tests="2" failures="0" timestamp="16 Mar 2021 07:41:16 GMT" time="151.322" errors="0">
  <testcase name="LoginPageTitleTest" time="31.765" classname="com.app.qa.testcases.LoginPageTest"/>
  <testcase name="logintest" time="119.557" classname="com.app.qa.testcases.LoginPageTest"/>
</testsuite> <!-- com.app.qa.testcases.LoginPageTest -->
