<?xml version="1.0" encoding="UTF-8"?>
<!-- Generated by org.testng.reporters.JUnitReportReporter -->
<testsuite hostname="sai-PC" name="com.app.qa.testdata.HomePageTest" tests="3" failures="0" timestamp="14 Mar 2021 10:42:56 GMT" time="132.957" errors="0">
  <testcase name="verifyUserNameTest" time="66.404" classname="com.app.qa.testdata.HomePageTest"/>
  <testcase name="verifyContactlinktest" time="35.316" classname="com.app.qa.testdata.HomePageTest"/>
  <testcase name="verifyHomePageTest" time="31.237" classname="com.app.qa.testdata.HomePageTest"/>
</testsuite> <!-- com.app.qa.testdata.HomePageTest -->
