<?xml version="1.0" encoding="UTF-8"?>
<!-- Generated by org.testng.reporters.JUnitReportReporter -->
<testsuite hostname="sai-PC" name="com.app.qa.testdata.LoginPageTest" tests="2" failures="0" timestamp="14 Mar 2021 06:53:32 GMT" time="152.669" errors="0">
  <testcase name="LoginPageTitleTest" time="75.067" classname="com.app.qa.testdata.LoginPageTest"/>
  <testcase name="logintest" time="77.602" classname="com.app.qa.testdata.LoginPageTest"/>
</testsuite> <!-- com.app.qa.testdata.LoginPageTest -->
